2025-06-23 15:29:56,016 - config - INFO - [Success] Configuration validation passed
2025-06-23 15:29:56,637 - root - INFO - 'py_dss_interface' library found. OpenDSS functionalities are enabled.
2025-06-23 15:29:57,075 - __main__ - INFO - Enhanced features loaded successfully
2025-06-23 15:29:57,075 - __main__ - INFO - [START] Starting BDWPT Simulation Platform
2025-06-23 15:29:57,075 - __main__ - INFO - Running pre-simulation model validation...
2025-06-23 15:29:57,075 - validation.model_validator - INFO - Model validator initialized with NZ reference data
2025-06-23 15:29:57,075 - validation.model_validator - INFO - Running comprehensive model validation...
2025-06-23 15:29:57,077 - validation.model_validator - INFO - Validation completed. Overall score: 86.7%
2025-06-23 15:29:57,077 - __main__ - INFO - Continuing with simulation...
2025-06-23 15:29:57,077 - __main__ - INFO - Initializing BDWPT Simulation Platform...
2025-06-23 15:29:57,077 - __main__ - INFO - Setting up data loader...
2025-06-23 15:29:57,077 - __main__ - INFO - Setting up traffic model...
2025-06-23 15:29:57,078 - traffic_model.data_loader - INFO - Loaded road network with 9 segments
2025-06-23 15:29:57,079 - traffic_model.data_loader - INFO - Loaded road network with 9 segments
2025-06-23 15:29:57,175 - traffic_model.main_traffic - INFO - Initialized 1000 vehicles (300 EVs).
2025-06-23 15:29:57,177 - __main__ - INFO - Setting up IEEE 13-bus test system...
2025-06-23 15:29:57,240 - __main__ - INFO - Setting up scenario manager...
2025-06-23 15:29:57,240 - __main__ - INFO - Setting up results analyzer...
2025-06-23 15:29:57,240 - root - INFO - Results will be saved in: D:\1st_year_PhD\EEA_2025\EEA2025_v1.4.5\output
2025-06-23 15:29:57,240 - __main__ - INFO - Setting up visualizer...
2025-06-23 15:29:57,240 - __main__ - INFO - All components initialized successfully.
2025-06-23 15:29:57,240 - __main__ - INFO - 
--------------------------------------------------------------------------------
2025-06-23 15:29:57,240 - __main__ - INFO - [SCENARIO START] Running scenario: Weekday Peak_0%
2025-06-23 15:29:57,241 - __main__ - INFO - Scenario config: {'name': 'Weekday Peak_0%', 'base_name': 'Weekday Peak', 'bdwpt_penetration': 0, 'day_type': 'weekday', 'load_profile': 'weekday_peak', 'traffic_multiplier': 1.5}
2025-06-23 15:29:57,242 - traffic_model.data_loader - INFO - Loaded road network with 9 segments
2025-06-23 15:29:57,242 - traffic_model.data_loader - INFO - Loaded road network with 9 segments
2025-06-23 15:29:57,338 - traffic_model.main_traffic - INFO - Initialized 1000 vehicles (300 EVs).
2025-06-23 15:29:57,431 - traffic_model.main_traffic - INFO - Initialized 1000 vehicles (300 EVs).
2025-06-23 15:29:57,431 - root - INFO - Scenario applied to traffic model: BDWPT Penetration=0%, Traffic Multiplier=1.5
2025-06-23 15:29:57,434 - power_grid_model.bdwpt_efficiency_model - INFO - Dynamic BDWPT efficiency model initialized
2025-06-23 15:29:57,434 - root - INFO - Results will be saved in: D:\1st_year_PhD\EEA_2025\EEA2025_v1.4.5\output\Weekday Peak_0%
2025-06-23 15:29:57,434 - root - INFO - Simulation Engine initialized for scenario: Weekday Peak_0%
2025-06-23 15:29:57,434 - root - INFO - Starting simulation from 2024-01-01 00:00:00 to 2024-01-01 23:59:00
2025-06-23 15:29:57,435 - root - INFO - Timeseries CSV file created with 32 columns.
2025-06-23 15:29:57,435 - traffic_model.main_traffic - INFO - Generating new trip patterns for weekday...
2025-06-23 15:29:57,650 - traffic_model.trip_generator - INFO - Generated 3176 trips for 1000 vehicles
2025-06-23 15:29:57,651 - power_grid_model.ieee_13_bus_model - ERROR - Failed to get grid state from OpenDSS: 'Circuit' object has no attribute 'all_bus_volts'
2025-06-23 15:29:57,652 - __main__ - ERROR - [SCENARIO FAILED] Scenario 'Weekday Peak_0%' failed: 'TrafficModel' object has no attribute 'get_summary_state'
2025-06-23 15:29:57,653 - __main__ - ERROR - Traceback: Traceback (most recent call last):
  File "D:\1st_year_PhD\EEA_2025\EEA2025_v1.4.5\main.py", line 105, in run_all_scenarios
    scenario_results = engine.run_simulation()
                       ^^^^^^^^^^^^^^^^^^^^^^^
  File "D:\1st_year_PhD\EEA_2025\EEA2025_v1.4.5\cosimulation\simulation_engine.py", line 89, in run_simulation
    traffic_state = self.traffic_model.get_summary_state()
                    ^^^^^^^^^^^^^^^^^^^^^^^^^^^^^^^^^^^^
AttributeError: 'TrafficModel' object has no attribute 'get_summary_state'

2025-06-23 15:29:57,653 - __main__ - INFO - 
--------------------------------------------------------------------------------
2025-06-23 15:29:57,653 - __main__ - INFO - [SCENARIO START] Running scenario: Weekday Peak_15%
2025-06-23 15:29:57,653 - __main__ - INFO - Scenario config: {'name': 'Weekday Peak_15%', 'base_name': 'Weekday Peak', 'bdwpt_penetration': 15, 'day_type': 'weekday', 'load_profile': 'weekday_peak', 'traffic_multiplier': 1.5}
2025-06-23 15:29:57,654 - traffic_model.data_loader - INFO - Loaded road network with 9 segments
2025-06-23 15:29:57,655 - traffic_model.data_loader - INFO - Loaded road network with 9 segments
2025-06-23 15:29:57,750 - traffic_model.main_traffic - INFO - Initialized 1000 vehicles (300 EVs).
2025-06-23 15:29:57,842 - traffic_model.main_traffic - INFO - Initialized 1000 vehicles (300 EVs).
2025-06-23 15:29:57,842 - root - INFO - Scenario applied to traffic model: BDWPT Penetration=15%, Traffic Multiplier=1.5
2025-06-23 15:29:57,844 - power_grid_model.bdwpt_efficiency_model - INFO - Dynamic BDWPT efficiency model initialized
2025-06-23 15:29:57,845 - root - INFO - Results will be saved in: D:\1st_year_PhD\EEA_2025\EEA2025_v1.4.5\output\Weekday Peak_15%
2025-06-23 15:29:57,845 - root - INFO - Simulation Engine initialized for scenario: Weekday Peak_15%
2025-06-23 15:29:57,845 - root - INFO - Starting simulation from 2024-01-01 00:00:00 to 2024-01-01 23:59:00
2025-06-23 15:29:57,845 - root - INFO - Timeseries CSV file created with 32 columns.
2025-06-23 15:29:57,846 - traffic_model.main_traffic - INFO - Generating new trip patterns for weekday...
2025-06-23 15:29:58,054 - traffic_model.trip_generator - INFO - Generated 3134 trips for 1000 vehicles
2025-06-23 15:29:58,055 - power_grid_model.ieee_13_bus_model - ERROR - Failed to get grid state from OpenDSS: 'Circuit' object has no attribute 'all_bus_volts'
2025-06-23 15:29:58,055 - __main__ - ERROR - [SCENARIO FAILED] Scenario 'Weekday Peak_15%' failed: 'TrafficModel' object has no attribute 'get_summary_state'
2025-06-23 15:29:58,056 - __main__ - ERROR - Traceback: Traceback (most recent call last):
  File "D:\1st_year_PhD\EEA_2025\EEA2025_v1.4.5\main.py", line 105, in run_all_scenarios
    scenario_results = engine.run_simulation()
                       ^^^^^^^^^^^^^^^^^^^^^^^
  File "D:\1st_year_PhD\EEA_2025\EEA2025_v1.4.5\cosimulation\simulation_engine.py", line 89, in run_simulation
    traffic_state = self.traffic_model.get_summary_state()
                    ^^^^^^^^^^^^^^^^^^^^^^^^^^^^^^^^^^^^
AttributeError: 'TrafficModel' object has no attribute 'get_summary_state'

2025-06-23 15:29:58,056 - __main__ - INFO - 
--------------------------------------------------------------------------------
2025-06-23 15:29:58,056 - __main__ - INFO - [SCENARIO START] Running scenario: Weekday Peak_40%
2025-06-23 15:29:58,056 - __main__ - INFO - Scenario config: {'name': 'Weekday Peak_40%', 'base_name': 'Weekday Peak', 'bdwpt_penetration': 40, 'day_type': 'weekday', 'load_profile': 'weekday_peak', 'traffic_multiplier': 1.5}
2025-06-23 15:29:58,057 - traffic_model.data_loader - INFO - Loaded road network with 9 segments
2025-06-23 15:29:58,058 - traffic_model.data_loader - INFO - Loaded road network with 9 segments
2025-06-23 15:29:58,154 - traffic_model.main_traffic - INFO - Initialized 1000 vehicles (300 EVs).
2025-06-23 15:29:58,246 - traffic_model.main_traffic - INFO - Initialized 1000 vehicles (300 EVs).
2025-06-23 15:29:58,246 - root - INFO - Scenario applied to traffic model: BDWPT Penetration=40%, Traffic Multiplier=1.5
2025-06-23 15:29:58,248 - power_grid_model.bdwpt_efficiency_model - INFO - Dynamic BDWPT efficiency model initialized
2025-06-23 15:29:58,249 - root - INFO - Results will be saved in: D:\1st_year_PhD\EEA_2025\EEA2025_v1.4.5\output\Weekday Peak_40%
2025-06-23 15:29:58,249 - root - INFO - Simulation Engine initialized for scenario: Weekday Peak_40%
2025-06-23 15:29:58,249 - root - INFO - Starting simulation from 2024-01-01 00:00:00 to 2024-01-01 23:59:00
2025-06-23 15:29:58,251 - root - INFO - Timeseries CSV file created with 32 columns.
2025-06-23 15:29:58,251 - traffic_model.main_traffic - INFO - Generating new trip patterns for weekday...
2025-06-23 15:29:58,461 - traffic_model.trip_generator - INFO - Generated 3169 trips for 1000 vehicles
2025-06-23 15:29:58,463 - power_grid_model.ieee_13_bus_model - ERROR - Failed to get grid state from OpenDSS: 'Circuit' object has no attribute 'all_bus_volts'
2025-06-23 15:29:58,463 - __main__ - ERROR - [SCENARIO FAILED] Scenario 'Weekday Peak_40%' failed: 'TrafficModel' object has no attribute 'get_summary_state'
2025-06-23 15:29:58,463 - __main__ - ERROR - Traceback: Traceback (most recent call last):
  File "D:\1st_year_PhD\EEA_2025\EEA2025_v1.4.5\main.py", line 105, in run_all_scenarios
    scenario_results = engine.run_simulation()
                       ^^^^^^^^^^^^^^^^^^^^^^^
  File "D:\1st_year_PhD\EEA_2025\EEA2025_v1.4.5\cosimulation\simulation_engine.py", line 89, in run_simulation
    traffic_state = self.traffic_model.get_summary_state()
                    ^^^^^^^^^^^^^^^^^^^^^^^^^^^^^^^^^^^^
AttributeError: 'TrafficModel' object has no attribute 'get_summary_state'

2025-06-23 15:29:58,463 - __main__ - INFO - 
--------------------------------------------------------------------------------
2025-06-23 15:29:58,464 - __main__ - INFO - [SCENARIO START] Running scenario: Weekday Off-Peak_0%
2025-06-23 15:29:58,464 - __main__ - INFO - Scenario config: {'name': 'Weekday Off-Peak_0%', 'base_name': 'Weekday Off-Peak', 'bdwpt_penetration': 0, 'day_type': 'weekday', 'load_profile': 'weekday_offpeak', 'traffic_multiplier': 0.8}
2025-06-23 15:29:58,465 - traffic_model.data_loader - INFO - Loaded road network with 9 segments
2025-06-23 15:29:58,466 - traffic_model.data_loader - INFO - Loaded road network with 9 segments
2025-06-23 15:29:58,562 - traffic_model.main_traffic - INFO - Initialized 1000 vehicles (300 EVs).
2025-06-23 15:29:58,681 - traffic_model.main_traffic - INFO - Initialized 1000 vehicles (300 EVs).
2025-06-23 15:29:58,682 - root - INFO - Scenario applied to traffic model: BDWPT Penetration=0%, Traffic Multiplier=0.8
2025-06-23 15:29:58,684 - power_grid_model.bdwpt_efficiency_model - INFO - Dynamic BDWPT efficiency model initialized
2025-06-23 15:29:58,684 - root - INFO - Results will be saved in: D:\1st_year_PhD\EEA_2025\EEA2025_v1.4.5\output\Weekday Off-Peak_0%
2025-06-23 15:29:58,684 - root - INFO - Simulation Engine initialized for scenario: Weekday Off-Peak_0%
2025-06-23 15:29:58,685 - root - INFO - Starting simulation from 2024-01-01 00:00:00 to 2024-01-01 23:59:00
2025-06-23 15:29:58,686 - root - INFO - Timeseries CSV file created with 32 columns.
2025-06-23 15:29:58,686 - traffic_model.main_traffic - INFO - Generating new trip patterns for weekday...
2025-06-23 15:29:58,892 - traffic_model.trip_generator - INFO - Generated 3091 trips for 1000 vehicles
2025-06-23 15:29:58,893 - power_grid_model.ieee_13_bus_model - ERROR - Failed to get grid state from OpenDSS: 'Circuit' object has no attribute 'all_bus_volts'
2025-06-23 15:29:58,893 - __main__ - ERROR - [SCENARIO FAILED] Scenario 'Weekday Off-Peak_0%' failed: 'TrafficModel' object has no attribute 'get_summary_state'
2025-06-23 15:29:58,894 - __main__ - ERROR - Traceback: Traceback (most recent call last):
  File "D:\1st_year_PhD\EEA_2025\EEA2025_v1.4.5\main.py", line 105, in run_all_scenarios
    scenario_results = engine.run_simulation()
                       ^^^^^^^^^^^^^^^^^^^^^^^
  File "D:\1st_year_PhD\EEA_2025\EEA2025_v1.4.5\cosimulation\simulation_engine.py", line 89, in run_simulation
    traffic_state = self.traffic_model.get_summary_state()
                    ^^^^^^^^^^^^^^^^^^^^^^^^^^^^^^^^^^^^
AttributeError: 'TrafficModel' object has no attribute 'get_summary_state'

2025-06-23 15:29:58,894 - __main__ - INFO - 
--------------------------------------------------------------------------------
2025-06-23 15:29:58,894 - __main__ - INFO - [SCENARIO START] Running scenario: Weekday Off-Peak_15%
2025-06-23 15:29:58,894 - __main__ - INFO - Scenario config: {'name': 'Weekday Off-Peak_15%', 'base_name': 'Weekday Off-Peak', 'bdwpt_penetration': 15, 'day_type': 'weekday', 'load_profile': 'weekday_offpeak', 'traffic_multiplier': 0.8}
2025-06-23 15:29:58,895 - traffic_model.data_loader - INFO - Loaded road network with 9 segments
2025-06-23 15:29:58,896 - traffic_model.data_loader - INFO - Loaded road network with 9 segments
2025-06-23 15:29:58,991 - traffic_model.main_traffic - INFO - Initialized 1000 vehicles (300 EVs).
2025-06-23 15:29:59,085 - traffic_model.main_traffic - INFO - Initialized 1000 vehicles (300 EVs).
2025-06-23 15:29:59,085 - root - INFO - Scenario applied to traffic model: BDWPT Penetration=15%, Traffic Multiplier=0.8
2025-06-23 15:29:59,087 - power_grid_model.bdwpt_efficiency_model - INFO - Dynamic BDWPT efficiency model initialized
2025-06-23 15:29:59,088 - root - INFO - Results will be saved in: D:\1st_year_PhD\EEA_2025\EEA2025_v1.4.5\output\Weekday Off-Peak_15%
2025-06-23 15:29:59,088 - root - INFO - Simulation Engine initialized for scenario: Weekday Off-Peak_15%
2025-06-23 15:29:59,088 - root - INFO - Starting simulation from 2024-01-01 00:00:00 to 2024-01-01 23:59:00
2025-06-23 15:29:59,089 - root - INFO - Timeseries CSV file created with 32 columns.
2025-06-23 15:29:59,089 - traffic_model.main_traffic - INFO - Generating new trip patterns for weekday...
2025-06-23 15:29:59,306 - traffic_model.trip_generator - INFO - Generated 3228 trips for 1000 vehicles
2025-06-23 15:29:59,308 - power_grid_model.ieee_13_bus_model - ERROR - Failed to get grid state from OpenDSS: 'Circuit' object has no attribute 'all_bus_volts'
2025-06-23 15:29:59,308 - __main__ - ERROR - [SCENARIO FAILED] Scenario 'Weekday Off-Peak_15%' failed: 'TrafficModel' object has no attribute 'get_summary_state'
2025-06-23 15:29:59,309 - __main__ - ERROR - Traceback: Traceback (most recent call last):
  File "D:\1st_year_PhD\EEA_2025\EEA2025_v1.4.5\main.py", line 105, in run_all_scenarios
    scenario_results = engine.run_simulation()
                       ^^^^^^^^^^^^^^^^^^^^^^^
  File "D:\1st_year_PhD\EEA_2025\EEA2025_v1.4.5\cosimulation\simulation_engine.py", line 89, in run_simulation
    traffic_state = self.traffic_model.get_summary_state()
                    ^^^^^^^^^^^^^^^^^^^^^^^^^^^^^^^^^^^^
AttributeError: 'TrafficModel' object has no attribute 'get_summary_state'

2025-06-23 15:29:59,309 - __main__ - INFO - 
--------------------------------------------------------------------------------
2025-06-23 15:29:59,309 - __main__ - INFO - [SCENARIO START] Running scenario: Weekday Off-Peak_40%
2025-06-23 15:29:59,309 - __main__ - INFO - Scenario config: {'name': 'Weekday Off-Peak_40%', 'base_name': 'Weekday Off-Peak', 'bdwpt_penetration': 40, 'day_type': 'weekday', 'load_profile': 'weekday_offpeak', 'traffic_multiplier': 0.8}
2025-06-23 15:29:59,312 - traffic_model.data_loader - INFO - Loaded road network with 9 segments
2025-06-23 15:29:59,313 - traffic_model.data_loader - INFO - Loaded road network with 9 segments
2025-06-23 15:29:59,415 - traffic_model.main_traffic - INFO - Initialized 1000 vehicles (300 EVs).
2025-06-23 15:29:59,509 - traffic_model.main_traffic - INFO - Initialized 1000 vehicles (300 EVs).
2025-06-23 15:29:59,509 - root - INFO - Scenario applied to traffic model: BDWPT Penetration=40%, Traffic Multiplier=0.8
2025-06-23 15:29:59,511 - power_grid_model.bdwpt_efficiency_model - INFO - Dynamic BDWPT efficiency model initialized
2025-06-23 15:29:59,512 - root - INFO - Results will be saved in: D:\1st_year_PhD\EEA_2025\EEA2025_v1.4.5\output\Weekday Off-Peak_40%
2025-06-23 15:29:59,512 - root - INFO - Simulation Engine initialized for scenario: Weekday Off-Peak_40%
2025-06-23 15:29:59,512 - root - INFO - Starting simulation from 2024-01-01 00:00:00 to 2024-01-01 23:59:00
2025-06-23 15:29:59,513 - root - INFO - Timeseries CSV file created with 32 columns.
2025-06-23 15:29:59,513 - traffic_model.main_traffic - INFO - Generating new trip patterns for weekday...
2025-06-23 15:29:59,727 - traffic_model.trip_generator - INFO - Generated 3114 trips for 1000 vehicles
2025-06-23 15:29:59,729 - power_grid_model.ieee_13_bus_model - ERROR - Failed to get grid state from OpenDSS: 'Circuit' object has no attribute 'all_bus_volts'
2025-06-23 15:29:59,729 - __main__ - ERROR - [SCENARIO FAILED] Scenario 'Weekday Off-Peak_40%' failed: 'TrafficModel' object has no attribute 'get_summary_state'
2025-06-23 15:29:59,730 - __main__ - ERROR - Traceback: Traceback (most recent call last):
  File "D:\1st_year_PhD\EEA_2025\EEA2025_v1.4.5\main.py", line 105, in run_all_scenarios
    scenario_results = engine.run_simulation()
                       ^^^^^^^^^^^^^^^^^^^^^^^
  File "D:\1st_year_PhD\EEA_2025\EEA2025_v1.4.5\cosimulation\simulation_engine.py", line 89, in run_simulation
    traffic_state = self.traffic_model.get_summary_state()
                    ^^^^^^^^^^^^^^^^^^^^^^^^^^^^^^^^^^^^
AttributeError: 'TrafficModel' object has no attribute 'get_summary_state'

2025-06-23 15:29:59,730 - __main__ - INFO - 
--------------------------------------------------------------------------------
2025-06-23 15:29:59,730 - __main__ - INFO - [SCENARIO START] Running scenario: Weekend Peak_0%
2025-06-23 15:29:59,731 - __main__ - INFO - Scenario config: {'name': 'Weekend Peak_0%', 'base_name': 'Weekend Peak', 'bdwpt_penetration': 0, 'day_type': 'weekend', 'load_profile': 'weekend_peak', 'traffic_multiplier': 1.2}
2025-06-23 15:29:59,732 - traffic_model.data_loader - INFO - Loaded road network with 9 segments
2025-06-23 15:29:59,732 - traffic_model.data_loader - INFO - Loaded road network with 9 segments
2025-06-23 15:29:59,829 - traffic_model.main_traffic - INFO - Initialized 1000 vehicles (300 EVs).
2025-06-23 15:29:59,922 - traffic_model.main_traffic - INFO - Initialized 1000 vehicles (300 EVs).
2025-06-23 15:29:59,922 - root - INFO - Scenario applied to traffic model: BDWPT Penetration=0%, Traffic Multiplier=1.2
2025-06-23 15:29:59,924 - power_grid_model.bdwpt_efficiency_model - INFO - Dynamic BDWPT efficiency model initialized
2025-06-23 15:29:59,925 - root - INFO - Results will be saved in: D:\1st_year_PhD\EEA_2025\EEA2025_v1.4.5\output\Weekend Peak_0%
2025-06-23 15:29:59,926 - root - INFO - Simulation Engine initialized for scenario: Weekend Peak_0%
2025-06-23 15:29:59,926 - root - INFO - Starting simulation from 2024-01-01 00:00:00 to 2024-01-01 23:59:00
2025-06-23 15:29:59,926 - root - INFO - Timeseries CSV file created with 32 columns.
2025-06-23 15:29:59,927 - traffic_model.main_traffic - INFO - Generating new trip patterns for weekend...
2025-06-23 15:30:00,060 - traffic_model.trip_generator - INFO - Generated 2310 trips for 1000 vehicles
2025-06-23 15:30:00,061 - power_grid_model.ieee_13_bus_model - ERROR - Failed to get grid state from OpenDSS: 'Circuit' object has no attribute 'all_bus_volts'
2025-06-23 15:30:00,062 - __main__ - ERROR - [SCENARIO FAILED] Scenario 'Weekend Peak_0%' failed: 'TrafficModel' object has no attribute 'get_summary_state'
2025-06-23 15:30:00,062 - __main__ - ERROR - Traceback: Traceback (most recent call last):
  File "D:\1st_year_PhD\EEA_2025\EEA2025_v1.4.5\main.py", line 105, in run_all_scenarios
    scenario_results = engine.run_simulation()
                       ^^^^^^^^^^^^^^^^^^^^^^^
  File "D:\1st_year_PhD\EEA_2025\EEA2025_v1.4.5\cosimulation\simulation_engine.py", line 89, in run_simulation
    traffic_state = self.traffic_model.get_summary_state()
                    ^^^^^^^^^^^^^^^^^^^^^^^^^^^^^^^^^^^^
AttributeError: 'TrafficModel' object has no attribute 'get_summary_state'

2025-06-23 15:30:00,063 - __main__ - INFO - 
--------------------------------------------------------------------------------
2025-06-23 15:30:00,063 - __main__ - INFO - [SCENARIO START] Running scenario: Weekend Peak_15%
2025-06-23 15:30:00,063 - __main__ - INFO - Scenario config: {'name': 'Weekend Peak_15%', 'base_name': 'Weekend Peak', 'bdwpt_penetration': 15, 'day_type': 'weekend', 'load_profile': 'weekend_peak', 'traffic_multiplier': 1.2}
2025-06-23 15:30:00,064 - traffic_model.data_loader - INFO - Loaded road network with 9 segments
2025-06-23 15:30:00,065 - traffic_model.data_loader - INFO - Loaded road network with 9 segments
2025-06-23 15:30:00,161 - traffic_model.main_traffic - INFO - Initialized 1000 vehicles (300 EVs).
2025-06-23 15:30:00,255 - traffic_model.main_traffic - INFO - Initialized 1000 vehicles (300 EVs).
2025-06-23 15:30:00,256 - root - INFO - Scenario applied to traffic model: BDWPT Penetration=15%, Traffic Multiplier=1.2
2025-06-23 15:30:00,258 - power_grid_model.bdwpt_efficiency_model - INFO - Dynamic BDWPT efficiency model initialized
2025-06-23 15:30:00,259 - root - INFO - Results will be saved in: D:\1st_year_PhD\EEA_2025\EEA2025_v1.4.5\output\Weekend Peak_15%
2025-06-23 15:30:00,259 - root - INFO - Simulation Engine initialized for scenario: Weekend Peak_15%
2025-06-23 15:30:00,259 - root - INFO - Starting simulation from 2024-01-01 00:00:00 to 2024-01-01 23:59:00
2025-06-23 15:30:00,260 - root - INFO - Timeseries CSV file created with 32 columns.
2025-06-23 15:30:00,260 - traffic_model.main_traffic - INFO - Generating new trip patterns for weekend...
2025-06-23 15:30:00,398 - traffic_model.trip_generator - INFO - Generated 2407 trips for 1000 vehicles
2025-06-23 15:30:00,399 - power_grid_model.ieee_13_bus_model - ERROR - Failed to get grid state from OpenDSS: 'Circuit' object has no attribute 'all_bus_volts'
2025-06-23 15:30:00,400 - __main__ - ERROR - [SCENARIO FAILED] Scenario 'Weekend Peak_15%' failed: 'TrafficModel' object has no attribute 'get_summary_state'
2025-06-23 15:30:00,400 - __main__ - ERROR - Traceback: Traceback (most recent call last):
  File "D:\1st_year_PhD\EEA_2025\EEA2025_v1.4.5\main.py", line 105, in run_all_scenarios
    scenario_results = engine.run_simulation()
                       ^^^^^^^^^^^^^^^^^^^^^^^
  File "D:\1st_year_PhD\EEA_2025\EEA2025_v1.4.5\cosimulation\simulation_engine.py", line 89, in run_simulation
    traffic_state = self.traffic_model.get_summary_state()
                    ^^^^^^^^^^^^^^^^^^^^^^^^^^^^^^^^^^^^
AttributeError: 'TrafficModel' object has no attribute 'get_summary_state'

2025-06-23 15:30:00,400 - __main__ - INFO - 
--------------------------------------------------------------------------------
2025-06-23 15:30:00,400 - __main__ - INFO - [SCENARIO START] Running scenario: Weekend Peak_40%
2025-06-23 15:30:00,400 - __main__ - INFO - Scenario config: {'name': 'Weekend Peak_40%', 'base_name': 'Weekend Peak', 'bdwpt_penetration': 40, 'day_type': 'weekend', 'load_profile': 'weekend_peak', 'traffic_multiplier': 1.2}
2025-06-23 15:30:00,401 - traffic_model.data_loader - INFO - Loaded road network with 9 segments
2025-06-23 15:30:00,402 - traffic_model.data_loader - INFO - Loaded road network with 9 segments
2025-06-23 15:30:00,498 - traffic_model.main_traffic - INFO - Initialized 1000 vehicles (300 EVs).
2025-06-23 15:30:00,590 - traffic_model.main_traffic - INFO - Initialized 1000 vehicles (300 EVs).
2025-06-23 15:30:00,591 - root - INFO - Scenario applied to traffic model: BDWPT Penetration=40%, Traffic Multiplier=1.2
2025-06-23 15:30:00,592 - power_grid_model.bdwpt_efficiency_model - INFO - Dynamic BDWPT efficiency model initialized
2025-06-23 15:30:00,592 - root - INFO - Results will be saved in: D:\1st_year_PhD\EEA_2025\EEA2025_v1.4.5\output\Weekend Peak_40%
2025-06-23 15:30:00,592 - root - INFO - Simulation Engine initialized for scenario: Weekend Peak_40%
2025-06-23 15:30:00,594 - root - INFO - Starting simulation from 2024-01-01 00:00:00 to 2024-01-01 23:59:00
2025-06-23 15:30:00,594 - root - INFO - Timeseries CSV file created with 32 columns.
2025-06-23 15:30:00,594 - traffic_model.main_traffic - INFO - Generating new trip patterns for weekend...
2025-06-23 15:30:00,725 - traffic_model.trip_generator - INFO - Generated 2295 trips for 1000 vehicles
2025-06-23 15:30:00,726 - power_grid_model.ieee_13_bus_model - ERROR - Failed to get grid state from OpenDSS: 'Circuit' object has no attribute 'all_bus_volts'
2025-06-23 15:30:00,727 - __main__ - ERROR - [SCENARIO FAILED] Scenario 'Weekend Peak_40%' failed: 'TrafficModel' object has no attribute 'get_summary_state'
2025-06-23 15:30:00,727 - __main__ - ERROR - Traceback: Traceback (most recent call last):
  File "D:\1st_year_PhD\EEA_2025\EEA2025_v1.4.5\main.py", line 105, in run_all_scenarios
    scenario_results = engine.run_simulation()
                       ^^^^^^^^^^^^^^^^^^^^^^^
  File "D:\1st_year_PhD\EEA_2025\EEA2025_v1.4.5\cosimulation\simulation_engine.py", line 89, in run_simulation
    traffic_state = self.traffic_model.get_summary_state()
                    ^^^^^^^^^^^^^^^^^^^^^^^^^^^^^^^^^^^^
AttributeError: 'TrafficModel' object has no attribute 'get_summary_state'

2025-06-23 15:30:00,727 - __main__ - INFO - 
--------------------------------------------------------------------------------
2025-06-23 15:30:00,727 - __main__ - INFO - [SCENARIO START] Running scenario: Weekend_0%
2025-06-23 15:30:00,728 - __main__ - INFO - Scenario config: {'name': 'Weekend_0%', 'base_name': 'Weekend', 'bdwpt_penetration': 0, 'day_type': 'weekend', 'load_profile': 'weekend', 'traffic_multiplier': 1.0}
2025-06-23 15:30:00,728 - traffic_model.data_loader - INFO - Loaded road network with 9 segments
2025-06-23 15:30:00,729 - traffic_model.data_loader - INFO - Loaded road network with 9 segments
2025-06-23 15:30:00,825 - traffic_model.main_traffic - INFO - Initialized 1000 vehicles (300 EVs).
2025-06-23 15:30:00,917 - traffic_model.main_traffic - INFO - Initialized 1000 vehicles (300 EVs).
2025-06-23 15:30:00,917 - root - INFO - Scenario applied to traffic model: BDWPT Penetration=0%, Traffic Multiplier=1.0
2025-06-23 15:30:00,920 - power_grid_model.bdwpt_efficiency_model - INFO - Dynamic BDWPT efficiency model initialized
2025-06-23 15:30:00,920 - root - INFO - Results will be saved in: D:\1st_year_PhD\EEA_2025\EEA2025_v1.4.5\output\Weekend_0%
2025-06-23 15:30:00,920 - root - INFO - Simulation Engine initialized for scenario: Weekend_0%
2025-06-23 15:30:00,921 - root - INFO - Starting simulation from 2024-01-01 00:00:00 to 2024-01-01 23:59:00
2025-06-23 15:30:00,921 - root - INFO - Timeseries CSV file created with 32 columns.
2025-06-23 15:30:00,922 - traffic_model.main_traffic - INFO - Generating new trip patterns for weekend...
2025-06-23 15:30:01,051 - traffic_model.trip_generator - INFO - Generated 2287 trips for 1000 vehicles
2025-06-23 15:30:01,053 - power_grid_model.ieee_13_bus_model - ERROR - Failed to get grid state from OpenDSS: 'Circuit' object has no attribute 'all_bus_volts'
2025-06-23 15:30:01,053 - __main__ - ERROR - [SCENARIO FAILED] Scenario 'Weekend_0%' failed: 'TrafficModel' object has no attribute 'get_summary_state'
2025-06-23 15:30:01,054 - __main__ - ERROR - Traceback: Traceback (most recent call last):
  File "D:\1st_year_PhD\EEA_2025\EEA2025_v1.4.5\main.py", line 105, in run_all_scenarios
    scenario_results = engine.run_simulation()
                       ^^^^^^^^^^^^^^^^^^^^^^^
  File "D:\1st_year_PhD\EEA_2025\EEA2025_v1.4.5\cosimulation\simulation_engine.py", line 89, in run_simulation
    traffic_state = self.traffic_model.get_summary_state()
                    ^^^^^^^^^^^^^^^^^^^^^^^^^^^^^^^^^^^^
AttributeError: 'TrafficModel' object has no attribute 'get_summary_state'

2025-06-23 15:30:01,054 - __main__ - INFO - 
--------------------------------------------------------------------------------
2025-06-23 15:30:01,054 - __main__ - INFO - [SCENARIO START] Running scenario: Weekend_15%
2025-06-23 15:30:01,054 - __main__ - INFO - Scenario config: {'name': 'Weekend_15%', 'base_name': 'Weekend', 'bdwpt_penetration': 15, 'day_type': 'weekend', 'load_profile': 'weekend', 'traffic_multiplier': 1.0}
2025-06-23 15:30:01,056 - traffic_model.data_loader - INFO - Loaded road network with 9 segments
2025-06-23 15:30:01,057 - traffic_model.data_loader - INFO - Loaded road network with 9 segments
2025-06-23 15:30:01,151 - traffic_model.main_traffic - INFO - Initialized 1000 vehicles (300 EVs).
2025-06-23 15:30:01,245 - traffic_model.main_traffic - INFO - Initialized 1000 vehicles (300 EVs).
2025-06-23 15:30:01,246 - root - INFO - Scenario applied to traffic model: BDWPT Penetration=15%, Traffic Multiplier=1.0
2025-06-23 15:30:01,248 - power_grid_model.bdwpt_efficiency_model - INFO - Dynamic BDWPT efficiency model initialized
2025-06-23 15:30:01,248 - root - INFO - Results will be saved in: D:\1st_year_PhD\EEA_2025\EEA2025_v1.4.5\output\Weekend_15%
2025-06-23 15:30:01,248 - root - INFO - Simulation Engine initialized for scenario: Weekend_15%
2025-06-23 15:30:01,249 - root - INFO - Starting simulation from 2024-01-01 00:00:00 to 2024-01-01 23:59:00
2025-06-23 15:30:01,249 - root - INFO - Timeseries CSV file created with 32 columns.
2025-06-23 15:30:01,250 - traffic_model.main_traffic - INFO - Generating new trip patterns for weekend...
2025-06-23 15:30:01,382 - traffic_model.trip_generator - INFO - Generated 2397 trips for 1000 vehicles
2025-06-23 15:30:01,383 - power_grid_model.ieee_13_bus_model - ERROR - Failed to get grid state from OpenDSS: 'Circuit' object has no attribute 'all_bus_volts'
2025-06-23 15:30:01,384 - __main__ - ERROR - [SCENARIO FAILED] Scenario 'Weekend_15%' failed: 'TrafficModel' object has no attribute 'get_summary_state'
2025-06-23 15:30:01,385 - __main__ - ERROR - Traceback: Traceback (most recent call last):
  File "D:\1st_year_PhD\EEA_2025\EEA2025_v1.4.5\main.py", line 105, in run_all_scenarios
    scenario_results = engine.run_simulation()
                       ^^^^^^^^^^^^^^^^^^^^^^^
  File "D:\1st_year_PhD\EEA_2025\EEA2025_v1.4.5\cosimulation\simulation_engine.py", line 89, in run_simulation
    traffic_state = self.traffic_model.get_summary_state()
                    ^^^^^^^^^^^^^^^^^^^^^^^^^^^^^^^^^^^^
AttributeError: 'TrafficModel' object has no attribute 'get_summary_state'

2025-06-23 15:30:01,385 - __main__ - INFO - 
--------------------------------------------------------------------------------
2025-06-23 15:30:01,385 - __main__ - INFO - [SCENARIO START] Running scenario: Weekend_40%
2025-06-23 15:30:01,385 - __main__ - INFO - Scenario config: {'name': 'Weekend_40%', 'base_name': 'Weekend', 'bdwpt_penetration': 40, 'day_type': 'weekend', 'load_profile': 'weekend', 'traffic_multiplier': 1.0}
2025-06-23 15:30:01,386 - traffic_model.data_loader - INFO - Loaded road network with 9 segments
2025-06-23 15:30:01,387 - traffic_model.data_loader - INFO - Loaded road network with 9 segments
2025-06-23 15:30:01,482 - traffic_model.main_traffic - INFO - Initialized 1000 vehicles (300 EVs).
2025-06-23 15:30:01,575 - traffic_model.main_traffic - INFO - Initialized 1000 vehicles (300 EVs).
2025-06-23 15:30:01,575 - root - INFO - Scenario applied to traffic model: BDWPT Penetration=40%, Traffic Multiplier=1.0
2025-06-23 15:30:01,578 - power_grid_model.bdwpt_efficiency_model - INFO - Dynamic BDWPT efficiency model initialized
2025-06-23 15:30:01,578 - root - INFO - Results will be saved in: D:\1st_year_PhD\EEA_2025\EEA2025_v1.4.5\output\Weekend_40%
2025-06-23 15:30:01,578 - root - INFO - Simulation Engine initialized for scenario: Weekend_40%
2025-06-23 15:30:01,579 - root - INFO - Starting simulation from 2024-01-01 00:00:00 to 2024-01-01 23:59:00
2025-06-23 15:30:01,579 - root - INFO - Timeseries CSV file created with 32 columns.
2025-06-23 15:30:01,579 - traffic_model.main_traffic - INFO - Generating new trip patterns for weekend...
2025-06-23 15:30:01,717 - traffic_model.trip_generator - INFO - Generated 2428 trips for 1000 vehicles
2025-06-23 15:30:01,719 - power_grid_model.ieee_13_bus_model - ERROR - Failed to get grid state from OpenDSS: 'Circuit' object has no attribute 'all_bus_volts'
2025-06-23 15:30:01,719 - __main__ - ERROR - [SCENARIO FAILED] Scenario 'Weekend_40%' failed: 'TrafficModel' object has no attribute 'get_summary_state'
2025-06-23 15:30:01,720 - __main__ - ERROR - Traceback: Traceback (most recent call last):
  File "D:\1st_year_PhD\EEA_2025\EEA2025_v1.4.5\main.py", line 105, in run_all_scenarios
    scenario_results = engine.run_simulation()
                       ^^^^^^^^^^^^^^^^^^^^^^^
  File "D:\1st_year_PhD\EEA_2025\EEA2025_v1.4.5\cosimulation\simulation_engine.py", line 89, in run_simulation
    traffic_state = self.traffic_model.get_summary_state()
                    ^^^^^^^^^^^^^^^^^^^^^^^^^^^^^^^^^^^^
AttributeError: 'TrafficModel' object has no attribute 'get_summary_state'

2025-06-23 15:30:01,720 - __main__ - WARNING - [FAILED] No scenarios completed successfully!
